13/10/2005, 5:38:46, 4, 0, :File not found.
13/10/2005, 5:42:25, 4, 0, :File not found.
13/10/2005, 5:43:42, 4, 0, :File not found.
13/10/2005, 5:43:54, 4, 0, :File not found.
13/10/2005, 5:45:24, 4, 0, :File not found.
13/10/2005, 5:45:24, 4, 0, :File not found.
13/10/2005, 5:45:34, 4, 0, :File not found.
13/10/2005, 5:46:42, 4, 0, :File not found.
13/10/2005, 5:46:52, 4, 0, :File not found.
13/10/2005, 5:48:03, 4, 0, :File not found.
13/10/2005, 5:48:03, 4, 0, :File not found.
13/10/2005, 8:02:23, 4, 0, :File not found.
13/10/2005, 8:02:23, 4, 0, :File not found.
13/10/2005, 8:07:57, 4, 0, D:\sm_f\laporan\lap_jual_perhari.rpt:A number, currency amount, boolean, date, time, date-time, or string is expected here.
13/10/2005, 8:07:57, 4, 0, D:\sm_f\laporan\lap_jual_perhari.rpt:A number, currency amount, boolean, date, time, date-time, or string is expected here.
13/10/2005, 8:07:57, 4, 0, D:\sm_f\laporan\lap_jual_perhari.rpt:A number, currency amount, boolean, date, time, date-time, or string is expected here.
13/10/2005, 8:12:24, 4, 0, D:\sm_f\laporan\lap_jual_perhari.rpt:A number, currency amount, boolean, date, time, date-time, or string is expected here.
13/10/2005, 8:12:24, 4, 0, D:\sm_f\laporan\lap_jual_perhari.rpt:A number, currency amount, boolean, date, time, date-time, or string is expected here.
13/10/2005, 8:12:24, 4, 0, D:\sm_f\laporan\lap_jual_perhari.rpt:A number, currency amount, boolean, date, time, date-time, or string is expected here.
13/10/2005, 8:21:45, 4, 0, D:\sm_f\laporan\lap_jual_perhari.rpt:A number, currency amount, boolean, date, time, date-time, or string is expected here.
13/10/2005, 8:21:45, 4, 0, D:\sm_f\laporan\lap_jual_perhari.rpt:A number, currency amount, boolean, date, time, date-time, or string is expected here.
13/10/2005, 8:21:45, 4, 0, D:\sm_f\laporan\lap_jual_perhari.rpt:A number, currency amount, boolean, date, time, date-time, or string is expected here.
13/10/2005, 8:24:46, 4, 0, D:\sm_f\laporan\lap_jual_perhari.rpt:A number, currency amount, boolean, date, time, date-time, or string is expected here.
13/10/2005, 8:24:46, 4, 0, D:\sm_f\laporan\lap_jual_perhari.rpt:A number, currency amount, boolean, date, time, date-time, or string is expected here.
13/10/2005, 8:24:46, 4, 0, D:\sm_f\laporan\lap_jual_perhari.rpt:A number, currency amount, boolean, date, time, date-time, or string is expected here.
13/10/2005, 8:25:11, 4, 0, D:\sm_f\laporan\lap_jual_perhari.rpt:A number, currency amount, boolean, date, time, date-time, or string is expected here.
13/10/2005, 8:25:11, 4, 0, D:\sm_f\laporan\lap_jual_perhari.rpt:A number, currency amount, boolean, date, time, date-time, or string is expected here.
13/10/2005, 8:25:11, 4, 0, D:\sm_f\laporan\lap_jual_perhari.rpt:A number, currency amount, boolean, date, time, date-time, or string is expected here.
15/10/2005, 13:57:49, 4, 0, D:\sm_f\laporan\lap_total_jl1.rpt:Error detected by database DLL.
15/10/2005, 14:01:18, 4, 0, D:\sm_f\laporan\lap_jual_perhari.rpt:Error detected by database DLL.
18/10/2005, 6:09:24, 4, 0, :File not found.
18/10/2005, 6:09:24, 4, 0, :File not found.
23/10/2005, 10:58:22, 4, 0, :File not found.
23/10/2005, 10:58:23, 4, 0, :File not found.
23/10/2005, 10:58:25, 4, 0, :File not found.
23/10/2005, 10:58:34, 4, 0, :File not found.
23/10/2005, 10:59:22, 4, 0, :File not found.
25/10/2005, 21:36:02, 4, 0, :File not found.
25/10/2005, 21:36:02, 4, 0, :File not found.
25/10/2005, 21:36:05, 4, 0, :File not found.
25/10/2005, 21:37:06, 4, 0, :File not found.
25/10/2005, 21:38:59, 4, 0, :File not found.
25/10/2005, 21:39:02, 4, 0, :File not found.
25/10/2005, 21:42:09, 4, 0, :File not found.
30/01/2009, 10:37:41, 4, 0, :Invalid directory.
30/01/2009, 10:37:41, 4, 0, :Invalid directory.
30/01/2009, 10:38:10, 4, 0, :Invalid directory.
30/01/2009, 10:38:34, 4, 0, :Invalid directory.
30/01/2009, 10:39:03, 4, 0, :Invalid directory.
30/01/2009, 10:42:07, 4, 0, :Invalid directory.
30/01/2009, 10:42:08, 4, 0, :Invalid directory.
